<?xml version="1.0" encoding="UTF-8"?>
<!-- Generated by org.testng.reporters.JUnitReportReporter -->
<testsuite hostname="DESKTOP-KJC6B92" failures="0" tests="1" name="testRunner.TestRunner" time="16.260" errors="0" timestamp="2024-09-17T09:06:45 IST" skipped="0">
  <testcase classname="testRunner.TestRunner" name="runScenario" time="16.260"/>
  <system-out/>
</testsuite> <!-- testRunner.TestRunner -->
