<?xml version="1.0" encoding="UTF-8"?>
<!-- Generated by org.testng.reporters.JUnitReportReporter -->
<testsuite hostname="DESKTOP-KJC6B92" failures="0" tests="1" name="testSuites.TestRunner" time="7.148" errors="0" timestamp="2024-09-17T06:33:49 IST" skipped="0">
  <testcase classname="testSuites.TestRunner" name="runScenario" time="7.148"/>
  <system-out/>
</testsuite> <!-- testSuites.TestRunner -->
