<?xml version="1.0" encoding="UTF-8"?>
<!-- Generated by org.testng.reporters.JUnitReportReporter -->
<testsuite hostname="DESKTOP-KJC6B92" failures="0" tests="3" name="pack1.TestClass2" time="0.009" errors="0" timestamp="2024-09-02T08:55:06 IST" skipped="0">
  <testcase classname="pack1.TestClass2" name="TestCase5" time="0.001"/>
  <system-out/>
  <testcase classname="pack1.TestClass2" name="TestCase6" time="0.001"/>
  <system-out/>
  <testcase classname="pack1.TestClass2" name="TestCase4" time="0.007"/>
  <system-out/>
</testsuite> <!-- pack1.TestClass2 -->
