<?xml version="1.0" encoding="UTF-8"?>
<!-- Generated by org.testng.reporters.JUnitReportReporter -->
<testsuite hostname="DESKTOP-KJC6B92" failures="0" tests="4" name="pack1.TestClass3" time="0.012" errors="0" timestamp="2024-09-04T07:37:26 IST" skipped="0">
  <testcase classname="pack1.TestClass3" name="TestCase200" time="0.007"/>
  <system-out/>
  <testcase classname="pack1.TestClass3" name="TestCase9" time="0.003"/>
  <system-out/>
  <testcase classname="pack1.TestClass3" name="TestCase8" time="0.001"/>
  <system-out/>
  <testcase classname="pack1.TestClass3" name="TestCase7" time="0.001"/>
  <system-out/>
</testsuite> <!-- pack1.TestClass3 -->
