<?xml version="1.0" encoding="UTF-8"?>
<!-- Generated by org.testng.reporters.JUnitReportReporter -->
<testsuite hostname="DESKTOP-KJC6B92" failures="0" tests="2" name="pack1.TestClass1" time="0.004" errors="0" timestamp="2024-09-03T07:40:09 IST" skipped="1">
  <testcase classname="pack1.TestClass1" name="z1" time="0.004"/>
  <system-out/>
  <testcase classname="pack1.TestClass1" name="m3">
    <skipped/>
  </testcase> <!-- m3 -->
  <system-out/>
</testsuite> <!-- pack1.TestClass1 -->
