<?xml version="1.0" encoding="UTF-8"?>
<!-- Generated by org.testng.reporters.JUnitReportReporter -->
<testsuite hostname="DESKTOP-KJC6B92" failures="0" tests="3" name="pack1.TestClass1" time="0.005" errors="0" timestamp="2024-09-02T08:55:06 IST" skipped="1">
  <testcase classname="pack1.TestClass1" name="z1" time="0.002"/>
  <system-out/>
  <testcase classname="pack1.TestClass1" name="a2" time="0.003"/>
  <system-out/>
  <testcase classname="pack1.TestClass1" name="m3">
    <skipped/>
  </testcase> <!-- m3 -->
  <system-out/>
</testsuite> <!-- pack1.TestClass1 -->
