<?xml version="1.0" encoding="UTF-8"?>
<!-- Generated by org.testng.reporters.JUnitReportReporter -->
<testsuite hostname="DESKTOP-KJC6B92" failures="0" tests="1" name="pack1.AnnotationNListener" time="0.008" errors="0" timestamp="2024-09-04T08:56:07 IST" skipped="0">
  <testcase classname="pack1.AnnotationNListener" name="TestCase1" time="0.008"/>
  <system-out/>
</testsuite> <!-- pack1.AnnotationNListener -->
