<?xml version="1.0" encoding="UTF-8"?>
<!-- Generated by org.testng.reporters.JUnitReportReporter -->
<testsuite hostname="DESKTOP-KJC6B92" failures="0" tests="1" name="testSuites.ChangePasswordTestSuite" time="21.887" errors="0" timestamp="2024-09-16T08:25:25 IST" skipped="0">
  <testcase classname="testSuites.ChangePasswordTestSuite" name="TC_123_ChangePasswordTest" time="21.887"/>
  <system-out/>
</testsuite> <!-- testSuites.ChangePasswordTestSuite -->
