<?xml version="1.0" encoding="UTF-8"?>
<!-- Generated by org.testng.reporters.JUnitReportReporter -->
<testsuite hostname="DESKTOP-KJC6B92" failures="0" tests="1" name="testSuites.AddressBookTestSuite" time="9.460" errors="0" timestamp="2024-09-09T08:56:03 IST" skipped="0">
  <testcase classname="testSuites.AddressBookTestSuite" name="TC_123_ChangeAddressTest" time="9.460"/>
  <system-out/>
</testsuite> <!-- testSuites.AddressBookTestSuite -->
