<?xml version="1.0" encoding="UTF-8"?>
<!-- Generated by org.testng.reporters.JUnitReportReporter -->
<testsuite hostname="DESKTOP-KJC6B92" failures="0" tests="1" name="testSuites.LoginTestSuite" time="6.225" errors="0" timestamp="2024-09-09T07:36:19 IST" skipped="0">
  <testcase classname="testSuites.LoginTestSuite" name="tc_124_LoginTest" time="6.225"/>
  <system-out/>
</testsuite> <!-- testSuites.LoginTestSuite -->
