<?xml version="1.0" encoding="UTF-8"?>
<!-- Generated by org.testng.reporters.JUnitReportReporter -->
<testsuite hostname="DESKTOP-KJC6B92" failures="0" tests="1" name="testSuites.AditAddressTestSuite" time="4.661" errors="0" timestamp="2024-05-28T07:12:04 IST" skipped="0">
  <testcase classname="testSuites.AditAddressTestSuite" name="tc_1245_editAddressTest" time="4.661"/>
  <system-out/>
</testsuite> <!-- testSuites.AditAddressTestSuite -->
