<?xml version="1.0" encoding="UTF-8"?>
<!-- Generated by org.testng.reporters.JUnitReportReporter -->
<testsuite hostname="DESKTOP-KJC6B92" failures="0" tests="1" name="testSuites.EditAddressTestSuite" time="5.022" errors="0" timestamp="2024-05-30T07:58:49 IST" skipped="0">
  <testcase classname="testSuites.EditAddressTestSuite" name="tc_1245_editAddressTest" time="5.022"/>
  <system-out/>
</testsuite> <!-- testSuites.EditAddressTestSuite -->
