<?xml version="1.0" encoding="UTF-8"?>
<!-- Generated by org.testng.reporters.JUnitReportReporter -->
<testsuite hostname="DESKTOP-KJC6B92" failures="0" tests="1" name="testSuites.ChangePasswordTestSuite" time="11.940" errors="0" timestamp="2024-09-13T08:41:31 IST" skipped="0">
  <testcase classname="testSuites.ChangePasswordTestSuite" name="TC_123_ChangePasswordTest" time="11.940"/>
  <system-out/>
</testsuite> <!-- testSuites.ChangePasswordTestSuite -->
